{"/Users/larrywifepc/Desktop/frontend/r-parts/lib/button.tsx": {"path":"/Users/larrywifepc/Desktop/frontend/r-parts/lib/button.tsx","statementMap":{"0":{"start":{"line":1,"column":0},"end":{"line":1,"column":26}},"1":{"start":{"line":3,"column":4},"end":{"line":5,"column":null}},"2":{"start":{"line":8,"column":0},"end":{"line":8,"column":null}}},"fnMap":{"0":{"name":"Button","decl":{"start":{"line":2,"column":9},"end":{"line":2,"column":15}},"loc":{"start":{"line":2,"column":15},"end":{"line":6,"column":1}}}},"branchMap":{},"s":{"0":1,"1":1,"2":1},"f":{"0":1},"b":{}}
,"/Users/larrywifepc/Desktop/frontend/r-parts/lib/helpers/classnames.ts": {"path":"/Users/larrywifepc/Desktop/frontend/r-parts/lib/helpers/classnames.ts","statementMap":{"0":{"start":{"line":1,"column":18},"end":{"line":1,"column":50}},"1":{"start":{"line":2,"column":2},"end":{"line":2,"column":null}},"2":{"start":{"line":5,"column":0},"end":{"line":5,"column":null}}},"fnMap":{"0":{"name":"classes","decl":{"start":{"line":1,"column":9},"end":{"line":1,"column":16}},"loc":{"start":{"line":1,"column":16},"end":{"line":3,"column":1}}}},"branchMap":{},"s":{"0":21,"1":6,"2":2},"f":{"0":6},"b":{}}
,"/Users/larrywifepc/Desktop/frontend/r-parts/lib/icon/Icon.tsx": {"path":"/Users/larrywifepc/Desktop/frontend/r-parts/lib/icon/Icon.tsx","statementMap":{"0":{"start":{"line":1,"column":0},"end":{"line":1,"column":26}},"1":{"start":{"line":2,"column":0},"end":{"line":2,"column":23}},"2":{"start":{"line":3,"column":0},"end":{"line":3,"column":21}},"3":{"start":{"line":4,"column":0},"end":{"line":4,"column":44}},"4":{"start":{"line":11,"column":2},"end":{"line":20,"column":3}},"5":{"start":{"line":11,"column":4},"end":{"line":11,"column":13}},"6":{"start":{"line":11,"column":15},"end":{"line":11,"column":19}},"7":{"start":{"line":11,"column":21},"end":{"line":11,"column":33}},"8":{"start":{"line":13,"column":4},"end":{"line":19,"column":6}},"9":{"start":{"line":22,"column":0},"end":{"line":22,"column":20}}},"fnMap":{"0":{"name":"(anonymous_0)","decl":{"start":{"line":11,"column":2},"end":{"line":11,"column":3}},"loc":{"start":{"line":11,"column":34},"end":{"line":20,"column":3}}}},"branchMap":{},"s":{"0":1,"1":1,"2":1,"3":1,"4":1,"5":2,"6":2,"7":2,"8":2,"9":1},"f":{"0":2},"b":{}}
,"/Users/larrywifepc/Desktop/frontend/r-parts/lib/icon/importIcons.js": {"path":"/Users/larrywifepc/Desktop/frontend/r-parts/lib/icon/importIcons.js","statementMap":{"0":{"start":{"line":2,"column":16},"end":{"line":2,"column":81}},"1":{"start":{"line":2,"column":36},"end":{"line":2,"column":81}},"2":{"start":{"line":3,"column":0},"end":{"line":6,"column":1}},"3":{"start":{"line":4,"column":2},"end":{"line":4,"column":57}}},"fnMap":{"0":{"name":"(anonymous_0)","decl":{"start":{"line":2,"column":16},"end":{"line":2,"column":17}},"loc":{"start":{"line":2,"column":36},"end":{"line":2,"column":81}},"line":2}},"branchMap":{},"s":{"0":1,"1":0,"2":1,"3":1},"f":{"0":0},"b":{},"_coverageSchema":"43e27e138ebf9cfc5966b082cf9a028302ed4184","hash":"ebfcddffe29a8a7935d1b23c0c9af032d7ece84d"}
}
