TN:
SF:/Users/larrywifepc/Desktop/frontend/r-parts/lib/App.tsx
FN:3,(anonymous_0)
FN:6,(anonymous_1)
FN:7,(anonymous_3)
FN:10,(anonymous_4)
FNF:4
FNH:0
FNDA:0,(anonymous_0)
FNDA:0,(anonymous_1)
FNDA:0,(anonymous_3)
FNDA:0,(anonymous_4)
DA:1,0
DA:2,0
DA:3,0
DA:4,0
DA:6,0
DA:7,0
DA:8,0
DA:10,0
DA:14,0
DA:16,0
LF:10
LH:0
BRF:0
BRH:0
end_of_record
TN:
SF:/Users/larrywifepc/Desktop/frontend/r-parts/lib/button.tsx
FN:2,Button
FNF:1
FNH:1
FNDA:1,Button
DA:1,1
DA:3,1
DA:8,1
LF:3
LH:3
BRF:0
BRH:0
end_of_record
TN:
SF:/Users/larrywifepc/Desktop/frontend/r-parts/lib/index.tsx
FNF:0
FNH:0
DA:1,0
LF:1
LH:0
BRF:0
BRH:0
end_of_record
TN:
SF:/Users/larrywifepc/Desktop/frontend/r-parts/lib/helpers/classnames.ts
FN:1,classes
FNF:1
FNH:1
FNDA:6,classes
DA:1,21
DA:2,6
DA:5,2
LF:3
LH:3
BRF:0
BRH:0
end_of_record
TN:
SF:/Users/larrywifepc/Desktop/frontend/r-parts/lib/icon/Icon.tsx
FN:11,(anonymous_0)
FNF:1
FNH:1
FNDA:2,(anonymous_0)
DA:1,1
DA:2,1
DA:3,1
DA:4,1
DA:11,2
DA:13,2
DA:22,1
LF:7
LH:7
BRF:0
BRH:0
end_of_record
TN:
SF:/Users/larrywifepc/Desktop/frontend/r-parts/lib/types/custom.d.ts
FNF:0
FNH:0
LF:0
LH:0
BRF:0
BRH:0
end_of_record
